<?xml version="1.0" encoding="UTF-8"?>
<!-- Generated by org.testng.reporters.JUnitReportReporter -->
<testsuite skipped="0" hostname="DESKTOP-7KBO3BD" name="testObjects.LoginTest" tests="1" failures="0" timestamp="14 Feb 2018 23:23:58 GMT" time="0.057" errors="0">
  <testcase name="verifyLoginButton" time="0.057" classname="testObjects.LoginTest"/>
</testsuite> <!-- testObjects.LoginTest -->
